<?xml version="1.0" encoding="UTF-8"?>
<!-- Generated by org.testng.reporters.JUnitXMLReporter -->
<testsuite hostname="Chetan" ignored="0" name="Test" tests="4" failures="0" timestamp="2021-11-21T18:33:14 IST" time="30.081" errors="0">
  <testcase name="createBooking" time="8.507" classname="paralllelExecutionSolutionWithDataMap.UsingThreadLocalWithMapModule1"/>
  <testcase name="createBooking" time="8.507" classname="paralllelExecutionSolutionWithDataMap.UsingThreadLocalWithMapModule2"/>
  <testcase name="retrieveBooking" time="11.181" classname="paralllelExecutionSolutionWithDataMap.UsingThreadLocalWithMapModule1"/>
  <testcase name="retrieveBooking" time="21.417" classname="paralllelExecutionSolutionWithDataMap.UsingThreadLocalWithMapModule2"/>
</testsuite> <!-- Test -->
