<?xml version="1.0" encoding="UTF-8"?>
<!-- Generated by org.testng.reporters.JUnitXMLReporter -->
<testsuite hostname="Chetan" ignored="0" name="Default test" tests="2" failures="0" timestamp="2021-10-22T02:16:49 IST" time="7.377" errors="0">
  <testcase name="createBooking" time="4.31" classname="Miscellaneous.RequestAndResponseSpecificationTogether"/>
  <testcase name="updateBooking" time="1.306" classname="Miscellaneous.RequestAndResponseSpecificationTogether"/>
</testsuite> <!-- Default test -->
