<?xml version="1.0" encoding="UTF-8"?>
<testng-results skipped="0" failed="0" ignored="0" total="1" passed="1">
  <reporter-output>
  </reporter-output>
  <suite name="Default suite" duration-ms="2866" started-at="2021-10-27T00:39:22 IST" finished-at="2021-10-27T00:39:25 IST">
    <groups>
    </groups>
    <test name="Default test" duration-ms="2866" started-at="2021-10-27T00:39:22 IST" finished-at="2021-10-27T00:39:25 IST">
      <class name="jsonPath.jsonPathForComplexJsonArray2">
        <test-method status="PASS" signature="complexJsonArray()[pri:1, instance:jsonPath.jsonPathForComplexJsonArray2@5a1c0542]" name="complexJsonArray" duration-ms="2770" started-at="2021-10-27T00:39:22 IST" finished-at="2021-10-27T00:39:25 IST">
          <reporter-output>
          </reporter-output>
        </test-method> <!-- complexJsonArray -->
      </class> <!-- jsonPath.jsonPathForComplexJsonArray2 -->
    </test> <!-- Default test -->
  </suite> <!-- Default suite -->
</testng-results>
