<?xml version="1.0" encoding="UTF-8"?>
<testng-results skipped="0" failed="0" ignored="0" total="2" passed="2">
  <reporter-output>
  </reporter-output>
  <suite name="Default suite" duration-ms="7377" started-at="2021-10-22T02:16:41 IST" finished-at="2021-10-22T02:16:49 IST">
    <groups>
    </groups>
    <test name="Default test" duration-ms="7377" started-at="2021-10-22T02:16:41 IST" finished-at="2021-10-22T02:16:49 IST">
      <class name="Miscellaneous.RequestAndResponseSpecificationTogether">
        <test-method status="PASS" signature="setUpReqSpec()[pri:0, instance:Miscellaneous.RequestAndResponseSpecificationTogether@7a765367]" name="setUpReqSpec" is-config="true" duration-ms="1680" started-at="2021-10-22T02:16:41 IST" finished-at="2021-10-22T02:16:43 IST">
          <reporter-output>
          </reporter-output>
        </test-method> <!-- setUpReqSpec -->
        <test-method status="PASS" signature="createBooking()[pri:0, instance:Miscellaneous.RequestAndResponseSpecificationTogether@7a765367]" name="createBooking" duration-ms="4310" started-at="2021-10-22T02:16:43 IST" finished-at="2021-10-22T02:16:47 IST">
          <reporter-output>
          </reporter-output>
        </test-method> <!-- createBooking -->
        <test-method status="PASS" signature="updateBooking()[pri:0, instance:Miscellaneous.RequestAndResponseSpecificationTogether@7a765367]" name="updateBooking" duration-ms="1306" started-at="2021-10-22T02:16:47 IST" finished-at="2021-10-22T02:16:49 IST">
          <reporter-output>
          </reporter-output>
        </test-method> <!-- updateBooking -->
      </class> <!-- Miscellaneous.RequestAndResponseSpecificationTogether -->
    </test> <!-- Default test -->
  </suite> <!-- Default suite -->
</testng-results>
